<?xml version="1.0" encoding="UTF-8"?>
<testng-results skipped="0" failed="0" ignored="0" total="1" passed="1">
  <reporter-output>
  </reporter-output>
  <suite name="Suite" duration-ms="13676" started-at="2018-05-26T03:37:27Z" finished-at="2018-05-26T03:37:41Z">
    <groups>
    </groups>
    <test name="Test" duration-ms="13676" started-at="2018-05-26T03:37:27Z" finished-at="2018-05-26T03:37:41Z">
      <class name="com.BrowserTest.Tc_01_BrowserTest">
        <test-method status="PASS" signature="launchBrowser()[pri:0, instance:com.BrowserTest.Tc_01_BrowserTest@1d057a39]" name="launchBrowser" duration-ms="13641" started-at="2018-05-26T03:37:27Z" finished-at="2018-05-26T03:37:41Z">
          <reporter-output>
          </reporter-output>
        </test-method> <!-- launchBrowser -->
      </class> <!-- com.BrowserTest.Tc_01_BrowserTest -->
    </test> <!-- Test -->
  </suite> <!-- Suite -->
</testng-results>
